Performing C SOURCE FILE Test _GLFW_HAS_64ASLR failed with the following output:
Change Dir: C:/Users/ldd20/CLionProjects/VulkanUI/cmake-build-debug/CMakeFiles/CMakeTmp

Run Build Command:"C:/mingw64/bin/mingw32-make.exe" "cmTC_6fad8/fast"
C:/mingw64/bin/mingw32-make.exe -f CMakeFiles\cmTC_6fad8.dir\build.make CMakeFiles/cmTC_6fad8.dir/build
mingw32-make.exe[1]: Entering directory 'C:/Users/ldd20/CLionProjects/VulkanUI/cmake-build-debug/CMakeFiles/CMakeTmp'
Building C object CMakeFiles/cmTC_6fad8.dir/src.c.obj
C:\mingw64\bin\gcc.exe   -D_GLFW_HAS_64ASLR -Wl,--high-entropy-va   -o CMakeFiles\cmTC_6fad8.dir\src.c.obj   -c C:\Users\ldd20\CLionProjects\VulkanUI\cmake-build-debug\CMakeFiles\CMakeTmp\src.c
Linking C executable cmTC_6fad8.exe
"C:\Program Files\JetBrains\CLion 2017.3.4\bin\cmake\bin\cmake.exe" -E cmake_link_script CMakeFiles\cmTC_6fad8.dir\link.txt --verbose=1
"C:\Program Files\JetBrains\CLion 2017.3.4\bin\cmake\bin\cmake.exe" -E remove -f CMakeFiles\cmTC_6fad8.dir/objects.a
C:\mingw64\bin\ar.exe cr CMakeFiles\cmTC_6fad8.dir/objects.a @CMakeFiles\cmTC_6fad8.dir\objects1.rsp
C:\mingw64\bin\gcc.exe  -D_GLFW_HAS_64ASLR -Wl,--high-entropy-va    -Wl,--whole-archive CMakeFiles\cmTC_6fad8.dir/objects.a -Wl,--no-whole-archive  -o cmTC_6fad8.exe -Wl,--out-implib,libcmTC_6fad8.dll.a -Wl,--major-image-version,0,--minor-image-version,0 @CMakeFiles\cmTC_6fad8.dir\linklibs.rsp
c:/mingw64/bin/../lib/gcc/i686-w64-mingw32/4.8.3/../../../../i686-w64-mingw32/bin/ld.exe: unrecognized option '--high-entropy-va'
c:/mingw64/bin/../lib/gcc/i686-w64-mingw32/4.8.3/../../../../i686-w64-mingw32/bin/ld.exe: use the --help option for usage information
collect2.exe: error: ld returned 1 exit status
CMakeFiles\cmTC_6fad8.dir\build.make:98: recipe for target 'cmTC_6fad8.exe' failed
mingw32-make.exe[1]: *** [cmTC_6fad8.exe] Error 1
mingw32-make.exe[1]: Leaving directory 'C:/Users/ldd20/CLionProjects/VulkanUI/cmake-build-debug/CMakeFiles/CMakeTmp'
Makefile:125: recipe for target 'cmTC_6fad8/fast' failed
mingw32-make.exe: *** [cmTC_6fad8/fast] Error 2

Source file was:
int main(void) { return 0; }
